d:\repos\minecraft.net\wingl\debug\wingl.pch
d:\repos\minecraft.net\wingl\debug\vc142.pdb
d:\repos\minecraft.net\wingl\debug\vc142.idb
d:\repos\minecraft.net\wingl\debug\pch.obj
d:\repos\minecraft.net\wingl\debug\windowexperimental.obj
d:\repos\minecraft.net\wingl\debug\graphics.obj
d:\repos\minecraft.net\debug\wingl.dll
d:\repos\minecraft.net\debug\wingl.ilk
d:\repos\minecraft.net\debug\wingl.pdb
d:\repos\minecraft.net\debug\wingl.lib
d:\repos\minecraft.net\debug\wingl.exp
d:\repos\minecraft.net\wingl\debug\wingl.tlog\cl.command.1.tlog
d:\repos\minecraft.net\wingl\debug\wingl.tlog\cl.read.1.tlog
d:\repos\minecraft.net\wingl\debug\wingl.tlog\cl.write.1.tlog
d:\repos\minecraft.net\wingl\debug\wingl.tlog\link.19100.delete.1.tlog
d:\repos\minecraft.net\wingl\debug\wingl.tlog\link.2664.delete.1.tlog
d:\repos\minecraft.net\wingl\debug\wingl.tlog\link.4288.delete.1.tlog
d:\repos\minecraft.net\wingl\debug\wingl.tlog\link.command.1.tlog
d:\repos\minecraft.net\wingl\debug\wingl.tlog\link.read.1.tlog
d:\repos\minecraft.net\wingl\debug\wingl.tlog\link.write.1.tlog
d:\repos\minecraft.net\wingl\debug\wingl.tlog\wingl.write.1u.tlog
