d:\repos\minecraft.net\windowsgl\debug\wingl.pch
d:\repos\minecraft.net\windowsgl\debug\vc142.pdb
d:\repos\minecraft.net\windowsgl\debug\vc142.idb
d:\repos\minecraft.net\windowsgl\debug\pch.obj
d:\repos\minecraft.net\windowsgl\debug\dllmain.obj
d:\repos\minecraft.net\debug\wingl.dll
d:\repos\minecraft.net\debug\wingl.ilk
d:\repos\minecraft.net\debug\wingl.pdb
d:\repos\minecraft.net\windowsgl\debug\windowsgl.res
d:\repos\minecraft.net\windowsgl\debug\windowsgl.vcxprojassemblyreference.cache
d:\repos\minecraft.net\windowsgl\debug\gl.pch
d:\repos\minecraft.net\windowsgl\debug\windowsgl.pch
d:\repos\minecraft.net\windowsgl\debug\wingl.tlog\cl.command.1.tlog
d:\repos\minecraft.net\windowsgl\debug\wingl.tlog\cl.read.1.tlog
d:\repos\minecraft.net\windowsgl\debug\wingl.tlog\cl.write.1.tlog
d:\repos\minecraft.net\windowsgl\debug\wingl.tlog\link.command.1.tlog
d:\repos\minecraft.net\windowsgl\debug\wingl.tlog\link.read.1.tlog
d:\repos\minecraft.net\windowsgl\debug\wingl.tlog\link.write.1.tlog
d:\repos\minecraft.net\windowsgl\debug\wingl.tlog\metagen.write.1.tlog
d:\repos\minecraft.net\windowsgl\debug\wingl.tlog\rc.command.1.tlog
d:\repos\minecraft.net\windowsgl\debug\wingl.tlog\rc.read.1.tlog
d:\repos\minecraft.net\windowsgl\debug\wingl.tlog\rc.write.1.tlog
